<?xml version="1.0" encoding="UTF-8"?>
<testsuite xmlns:xsi="http://www.w3.org/2001/XMLSchema-instance" xsi:noNamespaceSchemaLocation="https://maven.apache.org/surefire/maven-surefire-plugin/xsd/surefire-test-report-3.0.xsd" version="3.0" name="Creeper.EV.EvApplicationTests" time="7.708" tests="1" errors="0" skipped="0" failures="0">
  <properties>
[...]
</properties>
  <testcase name="contextLoads" classname="Creeper.EV.EvApplicationTests" time="0.916">
    <system-out><![CDATA[23:59:37.383 [main] INFO org.springframework.test.context.support.AnnotationConfigContextLoaderUtils -- Could not detect default configuration classes for test class [Creeper.EV.EvApplicationTests]: EvApplicationTests does not declare any static, non-private, non-final, nested classes annotated with @Configuration.
23:59:37.586 [main] INFO org.springframework.boot.test.context.SpringBootTestContextBootstrapper -- Found @SpringBootConfiguration Creeper.EV.EvApplication for test class Creeper.EV.EvApplicationTests
23:59:37.814 [main] INFO org.springframework.boot.devtools.restart.RestartApplicationListener -- Restart disabled due to context in which it is running

  .   ____          _            __ _ _
 /\\ / ___'_ __ _ _(_)_ __  __ _ \ \ \ \
( ( )\___ | '_ | '_| | '_ \/ _` | \ \ \ \
 \\/  ___)| |_)| | | | | || (_| |  ) ) ) )
  '  |____| .__|_| |_|_| |_\__, | / / / /
 =========|_|==============|___/=/_/_/_/

 :: Spring Boot ::                (v3.3.3)

2024-10-07T23:59:38.162+09:00  INFO 21540 --- [ev] [           main] Creeper.EV.EvApplicationTests            : Starting EvApplicationTests using Java 21.0.3 with PID 21540 (started by kimbo in E:\EV-Main\EV-BACKEND)
2024-10-07T23:59:38.164+09:00  INFO 21540 --- [ev] [           main] Creeper.EV.EvApplicationTests            : No active profile set, falling back to 1 default profile: "default"
2024-10-07T23:59:39.271+09:00  INFO 21540 --- [ev] [           main] .s.d.r.c.RepositoryConfigurationDelegate : Bootstrapping Spring Data JPA repositories in DEFAULT mode.
2024-10-07T23:59:39.342+09:00  INFO 21540 --- [ev] [           main] .s.d.r.c.RepositoryConfigurationDelegate : Finished Spring Data repository scanning in 62 ms. Found 2 JPA repository interfaces.
2024-10-07T23:59:40.219+09:00  INFO 21540 --- [ev] [           main] o.hibernate.jpa.internal.util.LogHelper  : HHH000204: Processing PersistenceUnitInfo [name: default]
2024-10-07T23:59:40.293+09:00  INFO 21540 --- [ev] [           main] org.hibernate.Version                    : HHH000412: Hibernate ORM core version 6.5.2.Final
2024-10-07T23:59:40.346+09:00  INFO 21540 --- [ev] [           main] o.h.c.internal.RegionFactoryInitiator    : HHH000026: Second-level cache disabled
2024-10-07T23:59:40.863+09:00  INFO 21540 --- [ev] [           main] o.s.o.j.p.SpringPersistenceUnitInfo      : No LoadTimeWeaver setup: ignoring JPA class transformer
2024-10-07T23:59:40.893+09:00  INFO 21540 --- [ev] [           main] com.zaxxer.hikari.HikariDataSource       : HikariPool-1 - Starting...
2024-10-07T23:59:41.077+09:00  INFO 21540 --- [ev] [           main] com.zaxxer.hikari.pool.HikariPool        : HikariPool-1 - Added connection org.mariadb.jdbc.Connection@2026fbff
2024-10-07T23:59:41.079+09:00  INFO 21540 --- [ev] [           main] com.zaxxer.hikari.HikariDataSource       : HikariPool-1 - Start completed.
2024-10-07T23:59:41.120+09:00  WARN 21540 --- [ev] [           main] org.hibernate.orm.deprecation            : HHH90000025: MariaDBDialect does not need to be specified explicitly using 'hibernate.dialect' (remove the property setting and it will be selected by default)
2024-10-07T23:59:42.289+09:00  INFO 21540 --- [ev] [           main] o.h.e.t.j.p.i.JtaPlatformInitiator       : HHH000489: No JTA platform available (set 'hibernate.transaction.jta.platform' to enable JTA platform integration)
2024-10-07T23:59:42.300+09:00  INFO 21540 --- [ev] [           main] j.LocalContainerEntityManagerFactoryBean : Initialized JPA EntityManagerFactory for persistence unit 'default'
2024-10-07T23:59:43.009+09:00  WARN 21540 --- [ev] [           main] JpaBaseConfiguration$JpaWebConfiguration : spring.jpa.open-in-view is enabled by default. Therefore, database queries may be performed during view rendering. Explicitly configure spring.jpa.open-in-view to disable this warning
2024-10-07T23:59:43.062+09:00  INFO 21540 --- [ev] [           main] o.s.b.a.w.s.WelcomePageHandlerMapping    : Adding welcome page template: index
2024-10-07T23:59:43.920+09:00  INFO 21540 --- [ev] [           main] Creeper.EV.EvApplicationTests            : Started EvApplicationTests in 6.121 seconds (process running for 7.7)
]]></system-out>
    <system-err><![CDATA[WARNING: A Java agent has been loaded dynamically (C:\Users\kimbo\.m2\repository\net\bytebuddy\byte-buddy-agent\1.14.19\byte-buddy-agent-1.14.19.jar)
WARNING: If a serviceability tool is in use, please run with -XX:+EnableDynamicAgentLoading to hide this warning
WARNING: If a serviceability tool is not in use, please run with -Djdk.instrument.traceUsage for more information
WARNING: Dynamic loading of agents will be disallowed by default in a future release
]]></system-err>
  </testcase>
</testsuite>